library/build/intermediates/manifest_merge_blame_file/debug/manifest-merger-blame-debug-report.txt
1<?xml version="1.0" encoding="utf-8"?>
2<manifest xmlns:android="http://schemas.android.com/apk/res/android"
3    package="com.jeremyfeinstein.slidingmenu.lib"
4    android:versionCode="1"
5    android:versionName="1.0" >
6
7    <uses-sdk
7-->library\AndroidManifest.xml:7:5-9:41
8        android:minSdkVersion="16"
8-->library\AndroidManifest.xml:8:9-34
9        android:targetSdkVersion="23" />
9-->library\AndroidManifest.xml:9:9-38
10
11</manifest>